2023-04-14 21:54:32,536 [Worker-3: Loading available Gradle versions] INFO  o.e.b.c.i.u.g.PublishedGradleVersions - Gradle version information cache is up-to-date. Trying to read.
2023-04-14 21:55:12,107 [Worker-0: Loading available Gradle versions] INFO  o.e.b.c.i.u.g.PublishedGradleVersions - Gradle version information cache is up-to-date. Trying to read.
2023-04-14 21:56:20,584 [Worker-0: Creating project "Tpi2"] INFO  o.e.m.c.i.l.LifecycleMappingFactory - Using org.eclipse.m2e.jdt.JarLifecycleMapping lifecycle mapping for MavenProject: TPINTEGRADOR2:Tpi2:0.0.1-SNAPSHOT @ D:\Cursos\En curso\Argentina Programa\Trabajo Practico Integrador 2 MAVEN\TPI2\Tpi2\pom.xml.
2023-04-14 21:56:20,736 [Worker-0: Creating project "Tpi2"] INFO  o.e.m.j.i.AbstractJavaProjectConfigurator - Adding source folder /Tpi2/src/main/java
2023-04-14 21:56:20,739 [Worker-0: Creating project "Tpi2"] INFO  o.e.m.j.i.AbstractJavaProjectConfigurator - Adding resource folder /Tpi2/src/main/resources
2023-04-14 21:56:20,740 [Worker-0: Creating project "Tpi2"] INFO  o.e.m.j.i.AbstractJavaProjectConfigurator - Adding source folder /Tpi2/src/test/java
2023-04-14 21:56:20,740 [Worker-0: Creating project "Tpi2"] INFO  o.e.m.j.i.AbstractJavaProjectConfigurator - Adding resource folder /Tpi2/src/test/resources
2023-04-14 21:56:21,547 [Worker-5: Building] WARN  o.e.m.c.i.embedder.EclipseLogger - Using platform encoding (UTF-8 actually) to copy filtered resources, i.e. build is platform dependent!
2023-04-14 21:56:21,552 [Worker-5: Building] INFO  o.e.m.c.i.embedder.EclipseLogger - Copying 0 resource
2023-04-14 21:56:21,554 [Worker-5: Building] WARN  o.e.m.c.i.embedder.EclipseLogger - Using platform encoding (UTF-8 actually) to copy filtered resources, i.e. build is platform dependent!
2023-04-14 21:56:21,555 [Worker-5: Building] INFO  o.e.m.c.i.embedder.EclipseLogger - Copying 0 resource
2023-04-14 21:57:15,294 [Worker-2: Building] WARN  o.e.m.c.i.embedder.EclipseLogger - Using platform encoding (UTF-8 actually) to copy filtered resources, i.e. build is platform dependent!
2023-04-14 21:57:15,296 [Worker-2: Building] INFO  o.e.m.c.i.embedder.EclipseLogger - Copying 0 resource
2023-04-14 21:57:15,298 [Worker-2: Building] WARN  o.e.m.c.i.embedder.EclipseLogger - Using platform encoding (UTF-8 actually) to copy filtered resources, i.e. build is platform dependent!
2023-04-14 21:57:15,299 [Worker-2: Building] INFO  o.e.m.c.i.embedder.EclipseLogger - Copying 0 resource
2023-04-14 22:02:36,434 [Worker-12: Building] INFO  o.e.m.c.i.l.LifecycleMappingFactory - Using org.eclipse.m2e.jdt.JarLifecycleMapping lifecycle mapping for MavenProject: TPINTEGRADOR2:Tpi2:0.0.1-SNAPSHOT @ D:\Cursos\En curso\Argentina Programa\Trabajo Practico Integrador 2 MAVEN\TPI2\Tpi2\pom.xml.
2023-04-14 22:02:36,553 [Worker-12: Building] WARN  o.e.m.c.i.embedder.EclipseLogger - Using platform encoding (UTF-8 actually) to copy filtered resources, i.e. build is platform dependent!
2023-04-14 22:02:36,554 [Worker-12: Building] INFO  o.e.m.c.i.embedder.EclipseLogger - Copying 0 resource
2023-04-14 22:02:36,556 [Worker-12: Building] WARN  o.e.m.c.i.embedder.EclipseLogger - Using platform encoding (UTF-8 actually) to copy filtered resources, i.e. build is platform dependent!
2023-04-14 22:02:36,557 [Worker-12: Building] INFO  o.e.m.c.i.embedder.EclipseLogger - Copying 0 resource
